2025-02-11 03:39:42.141 INFO  [37228:37228] Initialized NVVS logger [/workspaces/dcgm-rel_dcgm_3_3-postmerge/nvvs/src/NvidiaValidationSuite.cpp:329] [DcgmNs::Nvvs::NvidiaValidationSuite::Go]
2025-02-11 03:39:42.141 DEBUG [37228:37228] argc: 8. argv: /usr/share/nvidia-validation-suite/nvvs -j -z --specifiedtest short --configless --indexes 0,1,2  [/workspaces/dcgm-rel_dcgm_3_3-postmerge/nvvs/src/NvidiaValidationSuite.cpp:337] [DcgmNs::Nvvs::NvidiaValidationSuite::Go]
2025-02-11 03:39:42.141 DEBUG [37228:37228] ConfigFileParser_v2 ctor with configFile [/workspaces/dcgm-rel_dcgm_3_3-postmerge/nvvs/src/ConfigFileParser_v2.cpp:193] [DcgmNs::Nvvs::ConfigFileParser_v2::ConfigFileParser_v2]
2025-02-11 03:39:42.141 DEBUG [37228:37228] Loading package YAML from /usr/share/nvidia-validation-suite/diag-skus.yaml [/workspaces/dcgm-rel_dcgm_3_3-postmerge/nvvs/src/ConfigFileParser_v2.cpp:212] [DcgmNs::Nvvs::ConfigFileParser_v2::ConfigFileParser_v2]
2025-02-11 03:39:42.143 ERROR [37228:37228] Could not read package diag config. Please ensure the datacanter-gpu-manager-config package is installed [/workspaces/dcgm-rel_dcgm_3_3-postmerge/nvvs/src/ConfigFileParser_v2.cpp:218] [DcgmNs::Nvvs::ConfigFileParser_v2::ConfigFileParser_v2]
2025-02-11 03:39:42.143 ERROR [37228:37228] Exception: bad file: /usr/share/nvidia-validation-suite/diag-skus.yaml [/workspaces/dcgm-rel_dcgm_3_3-postmerge/nvvs/src/ConfigFileParser_v2.cpp:220] [DcgmNs::Nvvs::ConfigFileParser_v2::ConfigFileParser_v2]
2025-02-11 03:39:42.167 INFO  [37228:37228] Loaded packaged YAML with version: 3.3.9, spec: dcgm-diag-v1 [/workspaces/dcgm-rel_dcgm_3_3-postmerge/nvvs/src/ConfigFileParser_v2.cpp:229] [DcgmNs::Nvvs::ConfigFileParser_v2::ConfigFileParser_v2]
2025-02-11 03:39:43.127 DEBUG [37228:37228] Starting embedded host engine. [/workspaces/dcgm-rel_dcgm_3_3-postmerge/nvvs/src/DcgmHandle.cpp:148] [DcgmHandle::ConnectToDcgm]
2025-02-11 03:39:43.171 DEBUG [37228:37228] Parsing SKUs [/workspaces/dcgm-rel_dcgm_3_3-postmerge/nvvs/src/ConfigFileParser_v2.cpp:323] [DcgmNs::Nvvs::ConfigFileParser_v2::ParseYaml]
2025-02-11 03:39:43.171 DEBUG [37228:37228] Going through SKUs [/workspaces/dcgm-rel_dcgm_3_3-postmerge/nvvs/src/ConfigFileParser_v2.cpp:333] [DcgmNs::Nvvs::ConfigFileParser_v2::ParseYaml]
2025-02-11 03:39:43.327 DEBUG [37228:37228] Parsing SKUs [/workspaces/dcgm-rel_dcgm_3_3-postmerge/nvvs/src/ConfigFileParser_v2.cpp:323] [DcgmNs::Nvvs::ConfigFileParser_v2::ParseYaml]
2025-02-11 03:39:43.327 ERROR [37228:37228] skus is not a sequence; ignoring. Position: -1,-1 [/workspaces/dcgm-rel_dcgm_3_3-postmerge/nvvs/src/ConfigFileParser_v2.cpp:329] [DcgmNs::Nvvs::ConfigFileParser_v2::ParseYaml]
2025-02-11 03:39:43.347 INFO  [37228:37228] DeviceId 2484 is NOT allowlisted [/workspaces/dcgm-rel_dcgm_3_3-postmerge/nvvs/src/Allowlist.cpp:70] [DcgmNs::Nvvs::Allowlist::IsAllowlisted]
2025-02-11 03:39:43.347 INFO  [37228:37228] DeviceId 2484 is NOT allowlisted [/workspaces/dcgm-rel_dcgm_3_3-postmerge/nvvs/src/Allowlist.cpp:70] [DcgmNs::Nvvs::Allowlist::IsAllowlisted]
2025-02-11 03:39:43.347 DEBUG [37228:37228] dcgmIndex 0, brand GeForce, arch 524294 is supported [/workspaces/dcgm-rel_dcgm_3_3-postmerge/nvvs/src/NvidiaValidationSuite.cpp:615] [DcgmNs::Nvvs::NvidiaValidationSuite::EnumerateAllVisibleGpus]
2025-02-11 03:39:43.347 INFO  [37228:37228] Device 0, serial <<<NOT_SUPPORTED>>>, added to supported list [/workspaces/dcgm-rel_dcgm_3_3-postmerge/nvvs/src/NvidiaValidationSuite.cpp:632] [DcgmNs::Nvvs::NvidiaValidationSuite::EnumerateAllVisibleGpus]
2025-02-11 03:39:43.350 INFO  [37228:37228] DeviceId 2484 is NOT allowlisted [/workspaces/dcgm-rel_dcgm_3_3-postmerge/nvvs/src/Allowlist.cpp:70] [DcgmNs::Nvvs::Allowlist::IsAllowlisted]
2025-02-11 03:39:43.350 INFO  [37228:37228] DeviceId 2484 is NOT allowlisted [/workspaces/dcgm-rel_dcgm_3_3-postmerge/nvvs/src/Allowlist.cpp:70] [DcgmNs::Nvvs::Allowlist::IsAllowlisted]
2025-02-11 03:39:43.350 DEBUG [37228:37228] dcgmIndex 1, brand GeForce, arch 524294 is supported [/workspaces/dcgm-rel_dcgm_3_3-postmerge/nvvs/src/NvidiaValidationSuite.cpp:615] [DcgmNs::Nvvs::NvidiaValidationSuite::EnumerateAllVisibleGpus]
2025-02-11 03:39:43.350 INFO  [37228:37228] Device 1, serial <<<NOT_SUPPORTED>>>, added to supported list [/workspaces/dcgm-rel_dcgm_3_3-postmerge/nvvs/src/NvidiaValidationSuite.cpp:632] [DcgmNs::Nvvs::NvidiaValidationSuite::EnumerateAllVisibleGpus]
2025-02-11 03:39:43.353 INFO  [37228:37228] DeviceId 2484 is NOT allowlisted [/workspaces/dcgm-rel_dcgm_3_3-postmerge/nvvs/src/Allowlist.cpp:70] [DcgmNs::Nvvs::Allowlist::IsAllowlisted]
2025-02-11 03:39:43.353 INFO  [37228:37228] DeviceId 2484 is NOT allowlisted [/workspaces/dcgm-rel_dcgm_3_3-postmerge/nvvs/src/Allowlist.cpp:70] [DcgmNs::Nvvs::Allowlist::IsAllowlisted]
2025-02-11 03:39:43.353 DEBUG [37228:37228] dcgmIndex 2, brand GeForce, arch 524294 is supported [/workspaces/dcgm-rel_dcgm_3_3-postmerge/nvvs/src/NvidiaValidationSuite.cpp:615] [DcgmNs::Nvvs::NvidiaValidationSuite::EnumerateAllVisibleGpus]
2025-02-11 03:39:43.353 INFO  [37228:37228] Device 2, serial <<<NOT_SUPPORTED>>>, added to supported list [/workspaces/dcgm-rel_dcgm_3_3-postmerge/nvvs/src/NvidiaValidationSuite.cpp:632] [DcgmNs::Nvvs::NvidiaValidationSuite::EnumerateAllVisibleGpus]
2025-02-11 03:39:43.353 DEBUG [37228:37228] No MIG devices are configured on GPU 0 [/workspaces/dcgm-rel_dcgm_3_3-postmerge/nvvs/src/Gpu.cpp:183] [Gpu::IsMigModeDiagCompatible]
2025-02-11 03:39:43.353 DEBUG [37228:37228] No MIG devices are configured on GPU 1 [/workspaces/dcgm-rel_dcgm_3_3-postmerge/nvvs/src/Gpu.cpp:183] [Gpu::IsMigModeDiagCompatible]
2025-02-11 03:39:43.353 DEBUG [37228:37228] No MIG devices are configured on GPU 2 [/workspaces/dcgm-rel_dcgm_3_3-postmerge/nvvs/src/Gpu.cpp:183] [Gpu::IsMigModeDiagCompatible]
2025-02-11 03:39:43.353 DEBUG [37228:37228] Searching /usr/share/nvidia-validation-suite/plugins for plugins. [/workspaces/dcgm-rel_dcgm_3_3-postmerge/nvvs/src/TestFramework.cpp:187] [TestFramework::GetPluginBaseDir]
2025-02-11 03:39:43.353 DEBUG [37228:37228] Searching /usr/share/nvidia-validation-suite/plugins for plugins. [/workspaces/dcgm-rel_dcgm_3_3-postmerge/nvvs/src/TestFramework.cpp:187] [TestFramework::GetPluginBaseDir]
2025-02-11 03:39:43.354 DEBUG [37228:37228] The following Cuda version will be used for plugins: 12.2 [/workspaces/dcgm-rel_dcgm_3_3-postmerge/nvvs/src/TestFramework.cpp:218] [TestFramework::GetPluginCudaDirExtension]
2025-02-11 03:39:43.357 DEBUG [37228:37228] Successfully loaded dlib libpluginCommon.so [/workspaces/dcgm-rel_dcgm_3_3-postmerge/nvvs/src/TestFramework.cpp:266] [TestFramework::LoadLibrary]
2025-02-11 03:39:43.357 DEBUG [37228:37228] Successfully loaded dlib libpluginCommon.so [/workspaces/dcgm-rel_dcgm_3_3-postmerge/nvvs/src/TestFramework.cpp:266] [TestFramework::LoadLibrary]
2025-02-11 03:39:43.364 DEBUG [37228:37228] Successfully loaded dlib libEud.so [/workspaces/dcgm-rel_dcgm_3_3-postmerge/nvvs/src/TestFramework.cpp:283] [TestFramework::LoadLibrary]
2025-02-11 03:39:43.512 ERROR [37228:37228] Couldn't load a definition for ShutdownPlugin in plugin libDiagnostic.so: ./libDiagnostic.so: undefined symbol: ShutdownPlugin [/workspaces/dcgm-rel_dcgm_3_3-postmerge/nvvs/src/PluginLib.cpp:223] [PluginLib::LoadFunction]
2025-02-11 03:39:43.512 DEBUG [37228:37228] Plugin does not have a ShutdownPlugin function. This is not an error. [/workspaces/dcgm-rel_dcgm_3_3-postmerge/nvvs/src/PluginLib.cpp:158] [PluginLib::LoadPlugin]
2025-02-11 03:39:43.512 DEBUG [37228:37228] Successfully loaded dlib libDiagnostic.so [/workspaces/dcgm-rel_dcgm_3_3-postmerge/nvvs/src/TestFramework.cpp:283] [TestFramework::LoadLibrary]
2025-02-11 03:39:43.520 ERROR [37228:37228] Couldn't load a definition for ShutdownPlugin in plugin libMemtest.so: ./libMemtest.so: undefined symbol: ShutdownPlugin [/workspaces/dcgm-rel_dcgm_3_3-postmerge/nvvs/src/PluginLib.cpp:223] [PluginLib::LoadFunction]
2025-02-11 03:39:43.520 DEBUG [37228:37228] Plugin does not have a ShutdownPlugin function. This is not an error. [/workspaces/dcgm-rel_dcgm_3_3-postmerge/nvvs/src/PluginLib.cpp:158] [PluginLib::LoadPlugin]
2025-02-11 03:39:43.520 DEBUG [37228:37228] Successfully loaded dlib libMemtest.so [/workspaces/dcgm-rel_dcgm_3_3-postmerge/nvvs/src/TestFramework.cpp:283] [TestFramework::LoadLibrary]
2025-02-11 03:39:43.527 ERROR [37228:37228] Couldn't load a definition for ShutdownPlugin in plugin libMemory.so: ./libMemory.so: undefined symbol: ShutdownPlugin [/workspaces/dcgm-rel_dcgm_3_3-postmerge/nvvs/src/PluginLib.cpp:223] [PluginLib::LoadFunction]
2025-02-11 03:39:43.527 DEBUG [37228:37228] Plugin does not have a ShutdownPlugin function. This is not an error. [/workspaces/dcgm-rel_dcgm_3_3-postmerge/nvvs/src/PluginLib.cpp:158] [PluginLib::LoadPlugin]
2025-02-11 03:39:43.527 DEBUG [37228:37228] Successfully loaded dlib libMemory.so [/workspaces/dcgm-rel_dcgm_3_3-postmerge/nvvs/src/TestFramework.cpp:283] [TestFramework::LoadLibrary]
2025-02-11 03:39:43.534 ERROR [37228:37228] Couldn't load a definition for ShutdownPlugin in plugin libMemoryBandwidth.so: ./libMemoryBandwidth.so: undefined symbol: ShutdownPlugin [/workspaces/dcgm-rel_dcgm_3_3-postmerge/nvvs/src/PluginLib.cpp:223] [PluginLib::LoadFunction]
2025-02-11 03:39:43.534 DEBUG [37228:37228] Plugin does not have a ShutdownPlugin function. This is not an error. [/workspaces/dcgm-rel_dcgm_3_3-postmerge/nvvs/src/PluginLib.cpp:158] [PluginLib::LoadPlugin]
2025-02-11 03:39:43.534 DEBUG [37228:37228] Successfully loaded dlib libMemoryBandwidth.so [/workspaces/dcgm-rel_dcgm_3_3-postmerge/nvvs/src/TestFramework.cpp:283] [TestFramework::LoadLibrary]
2025-02-11 03:39:43.541 ERROR [37228:37228] Couldn't load a definition for ShutdownPlugin in plugin libTargetedPower.so: ./libTargetedPower.so: undefined symbol: ShutdownPlugin [/workspaces/dcgm-rel_dcgm_3_3-postmerge/nvvs/src/PluginLib.cpp:223] [PluginLib::LoadFunction]
2025-02-11 03:39:43.541 DEBUG [37228:37228] Plugin does not have a ShutdownPlugin function. This is not an error. [/workspaces/dcgm-rel_dcgm_3_3-postmerge/nvvs/src/PluginLib.cpp:158] [PluginLib::LoadPlugin]
2025-02-11 03:39:43.616 DEBUG [37228:37228] Successfully loaded dlib libTargetedPower.so [/workspaces/dcgm-rel_dcgm_3_3-postmerge/nvvs/src/TestFramework.cpp:283] [TestFramework::LoadLibrary]
2025-02-11 03:39:43.622 ERROR [37228:37228] Couldn't load a definition for ShutdownPlugin in plugin libContextCreate.so: ./libContextCreate.so: undefined symbol: ShutdownPlugin [/workspaces/dcgm-rel_dcgm_3_3-postmerge/nvvs/src/PluginLib.cpp:223] [PluginLib::LoadFunction]
2025-02-11 03:39:43.622 DEBUG [37228:37228] Plugin does not have a ShutdownPlugin function. This is not an error. [/workspaces/dcgm-rel_dcgm_3_3-postmerge/nvvs/src/PluginLib.cpp:158] [PluginLib::LoadPlugin]
2025-02-11 03:39:43.622 DEBUG [37228:37228] Successfully loaded dlib libContextCreate.so [/workspaces/dcgm-rel_dcgm_3_3-postmerge/nvvs/src/TestFramework.cpp:283] [TestFramework::LoadLibrary]
2025-02-11 03:39:43.622 DEBUG [37228:37228] Skipping library libcupti.so because it matches libcupti.so in the skip list. [/workspaces/dcgm-rel_dcgm_3_3-postmerge/nvvs/src/TestFramework.cpp:247] [TestFramework::LoadLibrary]
2025-02-11 03:39:43.628 ERROR [37228:37228] Couldn't load a definition for ShutdownPlugin in plugin libTargetedStress.so: ./libTargetedStress.so: undefined symbol: ShutdownPlugin [/workspaces/dcgm-rel_dcgm_3_3-postmerge/nvvs/src/PluginLib.cpp:223] [PluginLib::LoadFunction]
2025-02-11 03:39:43.628 DEBUG [37228:37228] Plugin does not have a ShutdownPlugin function. This is not an error. [/workspaces/dcgm-rel_dcgm_3_3-postmerge/nvvs/src/PluginLib.cpp:158] [PluginLib::LoadPlugin]
2025-02-11 03:39:43.629 DEBUG [37228:37228] Successfully loaded dlib libTargetedStress.so [/workspaces/dcgm-rel_dcgm_3_3-postmerge/nvvs/src/TestFramework.cpp:283] [TestFramework::LoadLibrary]
2025-02-11 03:39:43.636 ERROR [37228:37228] Couldn't load a definition for ShutdownPlugin in plugin libPulseTest.so: ./libPulseTest.so: undefined symbol: ShutdownPlugin [/workspaces/dcgm-rel_dcgm_3_3-postmerge/nvvs/src/PluginLib.cpp:223] [PluginLib::LoadFunction]
2025-02-11 03:39:43.636 DEBUG [37228:37228] Plugin does not have a ShutdownPlugin function. This is not an error. [/workspaces/dcgm-rel_dcgm_3_3-postmerge/nvvs/src/PluginLib.cpp:158] [PluginLib::LoadPlugin]
2025-02-11 03:39:43.636 DEBUG [37228:37228] Successfully loaded dlib libPulseTest.so [/workspaces/dcgm-rel_dcgm_3_3-postmerge/nvvs/src/TestFramework.cpp:283] [TestFramework::LoadLibrary]
2025-02-11 03:39:43.641 ERROR [37228:37228] Couldn't load a definition for ShutdownPlugin in plugin libSoftware.so: ./libSoftware.so: undefined symbol: ShutdownPlugin [/workspaces/dcgm-rel_dcgm_3_3-postmerge/nvvs/src/PluginLib.cpp:223] [PluginLib::LoadFunction]
2025-02-11 03:39:43.641 DEBUG [37228:37228] Plugin does not have a ShutdownPlugin function. This is not an error. [/workspaces/dcgm-rel_dcgm_3_3-postmerge/nvvs/src/PluginLib.cpp:158] [PluginLib::LoadPlugin]
2025-02-11 03:39:43.642 DEBUG [37228:37228] Successfully loaded dlib libSoftware.so [/workspaces/dcgm-rel_dcgm_3_3-postmerge/nvvs/src/TestFramework.cpp:283] [TestFramework::LoadLibrary]
2025-02-11 03:39:43.642 DEBUG [37228:37228] Skipping library libcurand.so because it matches libcurand.so in the skip list. [/workspaces/dcgm-rel_dcgm_3_3-postmerge/nvvs/src/TestFramework.cpp:247] [TestFramework::LoadLibrary]
2025-02-11 03:39:43.649 ERROR [37228:37228] Couldn't load a definition for ShutdownPlugin in plugin libPcie.so: ./libPcie.so: undefined symbol: ShutdownPlugin [/workspaces/dcgm-rel_dcgm_3_3-postmerge/nvvs/src/PluginLib.cpp:223] [PluginLib::LoadFunction]
2025-02-11 03:39:43.649 DEBUG [37228:37228] Plugin does not have a ShutdownPlugin function. This is not an error. [/workspaces/dcgm-rel_dcgm_3_3-postmerge/nvvs/src/PluginLib.cpp:158] [PluginLib::LoadPlugin]
2025-02-11 03:39:43.650 WARN  [37228:37228] Tried to add parameter matrix_dim => 1024, but it already exists [/workspaces/dcgm-rel_dcgm_3_3-postmerge/nvvs/src/TestParameters.cpp:215] [TestParameters::AddDouble]
2025-02-11 03:39:43.661 DEBUG [37228:37228] Successfully loaded dlib libPcie.so [/workspaces/dcgm-rel_dcgm_3_3-postmerge/nvvs/src/TestFramework.cpp:283] [TestFramework::LoadLibrary]
2025-02-11 03:39:43.661 DEBUG [37228:37228] test [cpu_eud] in plugin [eud] oberseved [/workspaces/dcgm-rel_dcgm_3_3-postmerge/nvvs/src/TestFramework.cpp:452] [TestFramework::loadPlugins]
2025-02-11 03:39:43.662 DEBUG [37228:37228] test [eud] in plugin [eud] oberseved [/workspaces/dcgm-rel_dcgm_3_3-postmerge/nvvs/src/TestFramework.cpp:452] [TestFramework::loadPlugins]
2025-02-11 03:39:43.662 DEBUG [37228:37228] test [diagnostic] in plugin [diagnostic] oberseved [/workspaces/dcgm-rel_dcgm_3_3-postmerge/nvvs/src/TestFramework.cpp:452] [TestFramework::loadPlugins]
2025-02-11 03:39:43.662 DEBUG [37228:37228] test [memtest] in plugin [memtest] oberseved [/workspaces/dcgm-rel_dcgm_3_3-postmerge/nvvs/src/TestFramework.cpp:452] [TestFramework::loadPlugins]
2025-02-11 03:39:43.662 DEBUG [37228:37228] test [memory] in plugin [memory] oberseved [/workspaces/dcgm-rel_dcgm_3_3-postmerge/nvvs/src/TestFramework.cpp:452] [TestFramework::loadPlugins]
2025-02-11 03:39:43.662 DEBUG [37228:37228] test [memory_bandwidth] in plugin [memory_bandwidth] oberseved [/workspaces/dcgm-rel_dcgm_3_3-postmerge/nvvs/src/TestFramework.cpp:452] [TestFramework::loadPlugins]
2025-02-11 03:39:43.662 DEBUG [37228:37228] test [targeted_power] in plugin [targeted_power] oberseved [/workspaces/dcgm-rel_dcgm_3_3-postmerge/nvvs/src/TestFramework.cpp:452] [TestFramework::loadPlugins]
2025-02-11 03:39:43.662 DEBUG [37228:37228] test [context_create] in plugin [context_create] oberseved [/workspaces/dcgm-rel_dcgm_3_3-postmerge/nvvs/src/TestFramework.cpp:452] [TestFramework::loadPlugins]
2025-02-11 03:39:43.662 DEBUG [37228:37228] test [targeted_stress] in plugin [targeted_stress] oberseved [/workspaces/dcgm-rel_dcgm_3_3-postmerge/nvvs/src/TestFramework.cpp:452] [TestFramework::loadPlugins]
2025-02-11 03:39:43.662 DEBUG [37228:37228] test [pulse_test] in plugin [pulse_test] oberseved [/workspaces/dcgm-rel_dcgm_3_3-postmerge/nvvs/src/TestFramework.cpp:452] [TestFramework::loadPlugins]
2025-02-11 03:39:43.662 DEBUG [37228:37228] test [software] in plugin [software] oberseved [/workspaces/dcgm-rel_dcgm_3_3-postmerge/nvvs/src/TestFramework.cpp:452] [TestFramework::loadPlugins]
2025-02-11 03:39:43.662 DEBUG [37228:37228] test [pcie] in plugin [pcie] oberseved [/workspaces/dcgm-rel_dcgm_3_3-postmerge/nvvs/src/TestFramework.cpp:452] [TestFramework::loadPlugins]
2025-02-11 03:39:43.662 DEBUG [37228:37228] Set global parameter do_test -> denylist. st 0 [/workspaces/dcgm-rel_dcgm_3_3-postmerge/nvvs/src/TestParameters.cpp:284] [TestParameters::SetString]
2025-02-11 03:39:43.696 WARN  [37228:37228] Plugin returned unknown type of aux data. Expected JSON_VALUE_AUX_DATA_TYPE (1), got 0 [/workspaces/dcgm-rel_dcgm_3_3-postmerge/nvvs/src/PluginTest.cpp:147] [PluginTest::SetResults]
2025-02-11 03:39:43.696 DEBUG [37228:37228] Test software had over result 3. Configless is 1 [/workspaces/dcgm-rel_dcgm_3_3-postmerge/nvvs/src/TestFramework.cpp:812] [TestFramework::goList]
2025-02-11 03:39:43.696 DEBUG [37228:37228] Set global parameter do_test -> libraries_nvml. st 0 [/workspaces/dcgm-rel_dcgm_3_3-postmerge/nvvs/src/TestParameters.cpp:284] [TestParameters::SetString]
2025-02-11 03:39:43.716 WARN  [37228:37228] Plugin returned unknown type of aux data. Expected JSON_VALUE_AUX_DATA_TYPE (1), got 0 [/workspaces/dcgm-rel_dcgm_3_3-postmerge/nvvs/src/PluginTest.cpp:147] [PluginTest::SetResults]
2025-02-11 03:39:43.716 DEBUG [37228:37228] Test software had over result 3. Configless is 1 [/workspaces/dcgm-rel_dcgm_3_3-postmerge/nvvs/src/TestFramework.cpp:812] [TestFramework::goList]
2025-02-11 03:39:43.716 DEBUG [37228:37228] Set global parameter do_test -> libraries_cuda. st 0 [/workspaces/dcgm-rel_dcgm_3_3-postmerge/nvvs/src/TestParameters.cpp:284] [TestParameters::SetString]
2025-02-11 03:39:43.736 WARN  [37228:37228] Plugin returned unknown type of aux data. Expected JSON_VALUE_AUX_DATA_TYPE (1), got 0 [/workspaces/dcgm-rel_dcgm_3_3-postmerge/nvvs/src/PluginTest.cpp:147] [PluginTest::SetResults]
2025-02-11 03:39:43.736 DEBUG [37228:37228] Test software had over result 3. Configless is 1 [/workspaces/dcgm-rel_dcgm_3_3-postmerge/nvvs/src/TestFramework.cpp:812] [TestFramework::goList]
2025-02-11 03:39:43.736 DEBUG [37228:37228] Set global parameter do_test -> permissions. st 0 [/workspaces/dcgm-rel_dcgm_3_3-postmerge/nvvs/src/TestParameters.cpp:284] [TestParameters::SetString]
2025-02-11 03:39:43.742 WARN  [37228:37228] Plugin returned unknown type of aux data. Expected JSON_VALUE_AUX_DATA_TYPE (1), got 0 [/workspaces/dcgm-rel_dcgm_3_3-postmerge/nvvs/src/PluginTest.cpp:147] [PluginTest::SetResults]
2025-02-11 03:39:43.743 DEBUG [37228:37228] Test software had over result 3. Configless is 1 [/workspaces/dcgm-rel_dcgm_3_3-postmerge/nvvs/src/TestFramework.cpp:812] [TestFramework::goList]
2025-02-11 03:39:43.743 DEBUG [37228:37228] Set global parameter do_test -> persistence_mode. st 0 [/workspaces/dcgm-rel_dcgm_3_3-postmerge/nvvs/src/TestParameters.cpp:284] [TestParameters::SetString]
2025-02-11 03:39:43.743 WARN  [37228:37228] plugin software: Persistence mode for GPU 0 is disabled. Enable persistence mode by running "nvidia-smi -i <gpuId> -pm 1 " as root. [/workspaces/dcgm-rel_dcgm_3_3-postmerge/nvvs/src/Plugin.cpp:73] [Plugin::AddWarning]
2025-02-11 03:39:43.743 WARN  [37228:37228] plugin software: Persistence mode for GPU 1 is disabled. Enable persistence mode by running "nvidia-smi -i <gpuId> -pm 1 " as root. [/workspaces/dcgm-rel_dcgm_3_3-postmerge/nvvs/src/Plugin.cpp:73] [Plugin::AddWarning]
2025-02-11 03:39:43.743 WARN  [37228:37228] plugin software: Persistence mode for GPU 2 is disabled. Enable persistence mode by running "nvidia-smi -i <gpuId> -pm 1 " as root. [/workspaces/dcgm-rel_dcgm_3_3-postmerge/nvvs/src/Plugin.cpp:73] [Plugin::AddWarning]
2025-02-11 03:39:43.774 WARN  [37228:37228] Plugin returned unknown type of aux data. Expected JSON_VALUE_AUX_DATA_TYPE (1), got 0 [/workspaces/dcgm-rel_dcgm_3_3-postmerge/nvvs/src/PluginTest.cpp:147] [PluginTest::SetResults]
2025-02-11 03:39:43.774 DEBUG [37228:37228] Test software had over result 3. Configless is 1 [/workspaces/dcgm-rel_dcgm_3_3-postmerge/nvvs/src/TestFramework.cpp:812] [TestFramework::goList]
2025-02-11 03:39:43.774 DEBUG [37228:37228] Set global parameter do_test -> env_variables. st 0 [/workspaces/dcgm-rel_dcgm_3_3-postmerge/nvvs/src/TestParameters.cpp:284] [TestParameters::SetString]
2025-02-11 03:39:43.775 DEBUG [37228:37228] [[software]] Env Variable NSIGHT_CUDA_DEBUGGER not found (GOOD) [/workspaces/dcgm-rel_dcgm_3_3-postmerge/nvvs/plugin_src/software/Software.cpp:864] [Software::checkForBadEnvVaribles]
2025-02-11 03:39:43.775 DEBUG [37228:37228] [[software]] Env Variable NSIGHT_CUDA_DEBUGGER not found (GOOD) [/workspaces/dcgm-rel_dcgm_3_3-postmerge/nvvs/plugin_src/software/Software.cpp:864] [Software::checkForBadEnvVaribles]
2025-02-11 03:39:43.775 DEBUG [37228:37228] [[software]] Env Variable NSIGHT_CUDA_DEBUGGER not found (GOOD) [/workspaces/dcgm-rel_dcgm_3_3-postmerge/nvvs/plugin_src/software/Software.cpp:864] [Software::checkForBadEnvVaribles]
2025-02-11 03:39:43.775 DEBUG [37228:37228] [[software]] Env Variable NSIGHT_CUDA_DEBUGGER not found (GOOD) [/workspaces/dcgm-rel_dcgm_3_3-postmerge/nvvs/plugin_src/software/Software.cpp:864] [Software::checkForBadEnvVaribles]
2025-02-11 03:39:43.775 DEBUG [37228:37228] [[software]] Env Variable NSIGHT_CUDA_DEBUGGER not found (GOOD) [/workspaces/dcgm-rel_dcgm_3_3-postmerge/nvvs/plugin_src/software/Software.cpp:864] [Software::checkForBadEnvVaribles]
2025-02-11 03:39:43.775 DEBUG [37228:37228] [[software]] Env Variable NSIGHT_CUDA_DEBUGGER not found (GOOD) [/workspaces/dcgm-rel_dcgm_3_3-postmerge/nvvs/plugin_src/software/Software.cpp:864] [Software::checkForBadEnvVaribles]
2025-02-11 03:39:43.775 DEBUG [37228:37228] [[software]] Env Variable CUDA_INJECTION32_PATH not found (GOOD) [/workspaces/dcgm-rel_dcgm_3_3-postmerge/nvvs/plugin_src/software/Software.cpp:864] [Software::checkForBadEnvVaribles]
2025-02-11 03:39:43.775 DEBUG [37228:37228] [[software]] Env Variable CUDA_INJECTION32_PATH not found (GOOD) [/workspaces/dcgm-rel_dcgm_3_3-postmerge/nvvs/plugin_src/software/Software.cpp:864] [Software::checkForBadEnvVaribles]
2025-02-11 03:39:43.775 DEBUG [37228:37228] [[software]] Env Variable CUDA_INJECTION32_PATH not found (GOOD) [/workspaces/dcgm-rel_dcgm_3_3-postmerge/nvvs/plugin_src/software/Software.cpp:864] [Software::checkForBadEnvVaribles]
2025-02-11 03:39:43.775 DEBUG [37228:37228] [[software]] Env Variable CUDA_INJECTION32_PATH not found (GOOD) [/workspaces/dcgm-rel_dcgm_3_3-postmerge/nvvs/plugin_src/software/Software.cpp:864] [Software::checkForBadEnvVaribles]
2025-02-11 03:39:43.775 DEBUG [37228:37228] [[software]] Env Variable CUDA_INJECTION32_PATH not found (GOOD) [/workspaces/dcgm-rel_dcgm_3_3-postmerge/nvvs/plugin_src/software/Software.cpp:864] [Software::checkForBadEnvVaribles]
2025-02-11 03:39:43.775 DEBUG [37228:37228] [[software]] Env Variable CUDA_INJECTION32_PATH not found (GOOD) [/workspaces/dcgm-rel_dcgm_3_3-postmerge/nvvs/plugin_src/software/Software.cpp:864] [Software::checkForBadEnvVaribles]
2025-02-11 03:39:43.775 DEBUG [37228:37228] [[software]] Env Variable CUDA_INJECTION64_PATH not found (GOOD) [/workspaces/dcgm-rel_dcgm_3_3-postmerge/nvvs/plugin_src/software/Software.cpp:864] [Software::checkForBadEnvVaribles]
2025-02-11 03:39:43.775 DEBUG [37228:37228] [[software]] Env Variable CUDA_INJECTION64_PATH not found (GOOD) [/workspaces/dcgm-rel_dcgm_3_3-postmerge/nvvs/plugin_src/software/Software.cpp:864] [Software::checkForBadEnvVaribles]
2025-02-11 03:39:43.775 DEBUG [37228:37228] [[software]] Env Variable CUDA_INJECTION64_PATH not found (GOOD) [/workspaces/dcgm-rel_dcgm_3_3-postmerge/nvvs/plugin_src/software/Software.cpp:864] [Software::checkForBadEnvVaribles]
2025-02-11 03:39:43.775 DEBUG [37228:37228] [[software]] Env Variable CUDA_INJECTION64_PATH not found (GOOD) [/workspaces/dcgm-rel_dcgm_3_3-postmerge/nvvs/plugin_src/software/Software.cpp:864] [Software::checkForBadEnvVaribles]
2025-02-11 03:39:43.775 DEBUG [37228:37228] [[software]] Env Variable CUDA_INJECTION64_PATH not found (GOOD) [/workspaces/dcgm-rel_dcgm_3_3-postmerge/nvvs/plugin_src/software/Software.cpp:864] [Software::checkForBadEnvVaribles]
2025-02-11 03:39:43.775 DEBUG [37228:37228] [[software]] Env Variable CUDA_INJECTION64_PATH not found (GOOD) [/workspaces/dcgm-rel_dcgm_3_3-postmerge/nvvs/plugin_src/software/Software.cpp:864] [Software::checkForBadEnvVaribles]
2025-02-11 03:39:43.775 DEBUG [37228:37228] [[software]] Env Variable CUDA_AUTO_BOOST not found (GOOD) [/workspaces/dcgm-rel_dcgm_3_3-postmerge/nvvs/plugin_src/software/Software.cpp:864] [Software::checkForBadEnvVaribles]
2025-02-11 03:39:43.775 DEBUG [37228:37228] [[software]] Env Variable CUDA_AUTO_BOOST not found (GOOD) [/workspaces/dcgm-rel_dcgm_3_3-postmerge/nvvs/plugin_src/software/Software.cpp:864] [Software::checkForBadEnvVaribles]
2025-02-11 03:39:43.775 DEBUG [37228:37228] [[software]] Env Variable CUDA_AUTO_BOOST not found (GOOD) [/workspaces/dcgm-rel_dcgm_3_3-postmerge/nvvs/plugin_src/software/Software.cpp:864] [Software::checkForBadEnvVaribles]
2025-02-11 03:39:43.775 DEBUG [37228:37228] [[software]] Env Variable CUDA_AUTO_BOOST not found (GOOD) [/workspaces/dcgm-rel_dcgm_3_3-postmerge/nvvs/plugin_src/software/Software.cpp:864] [Software::checkForBadEnvVaribles]
2025-02-11 03:39:43.775 DEBUG [37228:37228] [[software]] Env Variable CUDA_AUTO_BOOST not found (GOOD) [/workspaces/dcgm-rel_dcgm_3_3-postmerge/nvvs/plugin_src/software/Software.cpp:864] [Software::checkForBadEnvVaribles]
2025-02-11 03:39:43.775 DEBUG [37228:37228] [[software]] Env Variable CUDA_AUTO_BOOST not found (GOOD) [/workspaces/dcgm-rel_dcgm_3_3-postmerge/nvvs/plugin_src/software/Software.cpp:864] [Software::checkForBadEnvVaribles]
2025-02-11 03:39:43.775 DEBUG [37228:37228] [[software]] Env Variable CUDA_ENABLE_COREDUMP_ON_EXCEPTION not found (GOOD) [/workspaces/dcgm-rel_dcgm_3_3-postmerge/nvvs/plugin_src/software/Software.cpp:864] [Software::checkForBadEnvVaribles]
2025-02-11 03:39:43.775 DEBUG [37228:37228] [[software]] Env Variable CUDA_ENABLE_COREDUMP_ON_EXCEPTION not found (GOOD) [/workspaces/dcgm-rel_dcgm_3_3-postmerge/nvvs/plugin_src/software/Software.cpp:864] [Software::checkForBadEnvVaribles]
2025-02-11 03:39:43.775 DEBUG [37228:37228] [[software]] Env Variable CUDA_ENABLE_COREDUMP_ON_EXCEPTION not found (GOOD) [/workspaces/dcgm-rel_dcgm_3_3-postmerge/nvvs/plugin_src/software/Software.cpp:864] [Software::checkForBadEnvVaribles]
2025-02-11 03:39:43.775 DEBUG [37228:37228] [[software]] Env Variable CUDA_ENABLE_COREDUMP_ON_EXCEPTION not found (GOOD) [/workspaces/dcgm-rel_dcgm_3_3-postmerge/nvvs/plugin_src/software/Software.cpp:864] [Software::checkForBadEnvVaribles]
2025-02-11 03:39:43.775 DEBUG [37228:37228] [[software]] Env Variable CUDA_ENABLE_COREDUMP_ON_EXCEPTION not found (GOOD) [/workspaces/dcgm-rel_dcgm_3_3-postmerge/nvvs/plugin_src/software/Software.cpp:864] [Software::checkForBadEnvVaribles]
2025-02-11 03:39:43.775 DEBUG [37228:37228] [[software]] Env Variable CUDA_ENABLE_COREDUMP_ON_EXCEPTION not found (GOOD) [/workspaces/dcgm-rel_dcgm_3_3-postmerge/nvvs/plugin_src/software/Software.cpp:864] [Software::checkForBadEnvVaribles]
2025-02-11 03:39:43.775 DEBUG [37228:37228] [[software]] Env Variable CUDA_COREDUMP_FILE not found (GOOD) [/workspaces/dcgm-rel_dcgm_3_3-postmerge/nvvs/plugin_src/software/Software.cpp:864] [Software::checkForBadEnvVaribles]
2025-02-11 03:39:43.775 DEBUG [37228:37228] [[software]] Env Variable CUDA_COREDUMP_FILE not found (GOOD) [/workspaces/dcgm-rel_dcgm_3_3-postmerge/nvvs/plugin_src/software/Software.cpp:864] [Software::checkForBadEnvVaribles]
2025-02-11 03:39:43.775 DEBUG [37228:37228] [[software]] Env Variable CUDA_COREDUMP_FILE not found (GOOD) [/workspaces/dcgm-rel_dcgm_3_3-postmerge/nvvs/plugin_src/software/Software.cpp:864] [Software::checkForBadEnvVaribles]
2025-02-11 03:39:43.775 DEBUG [37228:37228] [[software]] Env Variable CUDA_COREDUMP_FILE not found (GOOD) [/workspaces/dcgm-rel_dcgm_3_3-postmerge/nvvs/plugin_src/software/Software.cpp:864] [Software::checkForBadEnvVaribles]
2025-02-11 03:39:43.775 DEBUG [37228:37228] [[software]] Env Variable CUDA_COREDUMP_FILE not found (GOOD) [/workspaces/dcgm-rel_dcgm_3_3-postmerge/nvvs/plugin_src/software/Software.cpp:864] [Software::checkForBadEnvVaribles]
2025-02-11 03:39:43.775 DEBUG [37228:37228] [[software]] Env Variable CUDA_COREDUMP_FILE not found (GOOD) [/workspaces/dcgm-rel_dcgm_3_3-postmerge/nvvs/plugin_src/software/Software.cpp:864] [Software::checkForBadEnvVaribles]
2025-02-11 03:39:43.775 DEBUG [37228:37228] [[software]] Env Variable CUDA_DEVICE_WAITS_ON_EXCEPTION not found (GOOD) [/workspaces/dcgm-rel_dcgm_3_3-postmerge/nvvs/plugin_src/software/Software.cpp:864] [Software::checkForBadEnvVaribles]
2025-02-11 03:39:43.775 DEBUG [37228:37228] [[software]] Env Variable CUDA_DEVICE_WAITS_ON_EXCEPTION not found (GOOD) [/workspaces/dcgm-rel_dcgm_3_3-postmerge/nvvs/plugin_src/software/Software.cpp:864] [Software::checkForBadEnvVaribles]
2025-02-11 03:39:43.775 DEBUG [37228:37228] [[software]] Env Variable CUDA_DEVICE_WAITS_ON_EXCEPTION not found (GOOD) [/workspaces/dcgm-rel_dcgm_3_3-postmerge/nvvs/plugin_src/software/Software.cpp:864] [Software::checkForBadEnvVaribles]
2025-02-11 03:39:43.775 DEBUG [37228:37228] [[software]] Env Variable CUDA_DEVICE_WAITS_ON_EXCEPTION not found (GOOD) [/workspaces/dcgm-rel_dcgm_3_3-postmerge/nvvs/plugin_src/software/Software.cpp:864] [Software::checkForBadEnvVaribles]
2025-02-11 03:39:43.775 DEBUG [37228:37228] [[software]] Env Variable CUDA_DEVICE_WAITS_ON_EXCEPTION not found (GOOD) [/workspaces/dcgm-rel_dcgm_3_3-postmerge/nvvs/plugin_src/software/Software.cpp:864] [Software::checkForBadEnvVaribles]
2025-02-11 03:39:43.775 DEBUG [37228:37228] [[software]] Env Variable CUDA_DEVICE_WAITS_ON_EXCEPTION not found (GOOD) [/workspaces/dcgm-rel_dcgm_3_3-postmerge/nvvs/plugin_src/software/Software.cpp:864] [Software::checkForBadEnvVaribles]
2025-02-11 03:39:43.775 DEBUG [37228:37228] [[software]] Env Variable CUDA_PROFILE not found (GOOD) [/workspaces/dcgm-rel_dcgm_3_3-postmerge/nvvs/plugin_src/software/Software.cpp:864] [Software::checkForBadEnvVaribles]
2025-02-11 03:39:43.775 DEBUG [37228:37228] [[software]] Env Variable CUDA_PROFILE not found (GOOD) [/workspaces/dcgm-rel_dcgm_3_3-postmerge/nvvs/plugin_src/software/Software.cpp:864] [Software::checkForBadEnvVaribles]
2025-02-11 03:39:43.775 DEBUG [37228:37228] [[software]] Env Variable CUDA_PROFILE not found (GOOD) [/workspaces/dcgm-rel_dcgm_3_3-postmerge/nvvs/plugin_src/software/Software.cpp:864] [Software::checkForBadEnvVaribles]
2025-02-11 03:39:43.775 DEBUG [37228:37228] [[software]] Env Variable CUDA_PROFILE not found (GOOD) [/workspaces/dcgm-rel_dcgm_3_3-postmerge/nvvs/plugin_src/software/Software.cpp:864] [Software::checkForBadEnvVaribles]
2025-02-11 03:39:43.775 DEBUG [37228:37228] [[software]] Env Variable CUDA_PROFILE not found (GOOD) [/workspaces/dcgm-rel_dcgm_3_3-postmerge/nvvs/plugin_src/software/Software.cpp:864] [Software::checkForBadEnvVaribles]
2025-02-11 03:39:43.775 DEBUG [37228:37228] [[software]] Env Variable CUDA_PROFILE not found (GOOD) [/workspaces/dcgm-rel_dcgm_3_3-postmerge/nvvs/plugin_src/software/Software.cpp:864] [Software::checkForBadEnvVaribles]
2025-02-11 03:39:43.775 DEBUG [37228:37228] [[software]] Env Variable COMPUTE_PROFILE not found (GOOD) [/workspaces/dcgm-rel_dcgm_3_3-postmerge/nvvs/plugin_src/software/Software.cpp:864] [Software::checkForBadEnvVaribles]
2025-02-11 03:39:43.775 DEBUG [37228:37228] [[software]] Env Variable COMPUTE_PROFILE not found (GOOD) [/workspaces/dcgm-rel_dcgm_3_3-postmerge/nvvs/plugin_src/software/Software.cpp:864] [Software::checkForBadEnvVaribles]
2025-02-11 03:39:43.775 DEBUG [37228:37228] [[software]] Env Variable COMPUTE_PROFILE not found (GOOD) [/workspaces/dcgm-rel_dcgm_3_3-postmerge/nvvs/plugin_src/software/Software.cpp:864] [Software::checkForBadEnvVaribles]
2025-02-11 03:39:43.775 DEBUG [37228:37228] [[software]] Env Variable COMPUTE_PROFILE not found (GOOD) [/workspaces/dcgm-rel_dcgm_3_3-postmerge/nvvs/plugin_src/software/Software.cpp:864] [Software::checkForBadEnvVaribles]
2025-02-11 03:39:43.775 DEBUG [37228:37228] [[software]] Env Variable COMPUTE_PROFILE not found (GOOD) [/workspaces/dcgm-rel_dcgm_3_3-postmerge/nvvs/plugin_src/software/Software.cpp:864] [Software::checkForBadEnvVaribles]
2025-02-11 03:39:43.775 DEBUG [37228:37228] [[software]] Env Variable COMPUTE_PROFILE not found (GOOD) [/workspaces/dcgm-rel_dcgm_3_3-postmerge/nvvs/plugin_src/software/Software.cpp:864] [Software::checkForBadEnvVaribles]
2025-02-11 03:39:43.775 DEBUG [37228:37228] [[software]] Env Variable OPENCL_PROFILE not found (GOOD) [/workspaces/dcgm-rel_dcgm_3_3-postmerge/nvvs/plugin_src/software/Software.cpp:864] [Software::checkForBadEnvVaribles]
2025-02-11 03:39:43.775 DEBUG [37228:37228] [[software]] Env Variable OPENCL_PROFILE not found (GOOD) [/workspaces/dcgm-rel_dcgm_3_3-postmerge/nvvs/plugin_src/software/Software.cpp:864] [Software::checkForBadEnvVaribles]
2025-02-11 03:39:43.775 DEBUG [37228:37228] [[software]] Env Variable OPENCL_PROFILE not found (GOOD) [/workspaces/dcgm-rel_dcgm_3_3-postmerge/nvvs/plugin_src/software/Software.cpp:864] [Software::checkForBadEnvVaribles]
2025-02-11 03:39:43.775 DEBUG [37228:37228] [[software]] Env Variable OPENCL_PROFILE not found (GOOD) [/workspaces/dcgm-rel_dcgm_3_3-postmerge/nvvs/plugin_src/software/Software.cpp:864] [Software::checkForBadEnvVaribles]
2025-02-11 03:39:43.775 DEBUG [37228:37228] [[software]] Env Variable OPENCL_PROFILE not found (GOOD) [/workspaces/dcgm-rel_dcgm_3_3-postmerge/nvvs/plugin_src/software/Software.cpp:864] [Software::checkForBadEnvVaribles]
2025-02-11 03:39:43.775 DEBUG [37228:37228] [[software]] Env Variable OPENCL_PROFILE not found (GOOD) [/workspaces/dcgm-rel_dcgm_3_3-postmerge/nvvs/plugin_src/software/Software.cpp:864] [Software::checkForBadEnvVaribles]
2025-02-11 03:39:43.781 WARN  [37228:37228] Plugin returned unknown type of aux data. Expected JSON_VALUE_AUX_DATA_TYPE (1), got 0 [/workspaces/dcgm-rel_dcgm_3_3-postmerge/nvvs/src/PluginTest.cpp:147] [PluginTest::SetResults]
2025-02-11 03:39:43.781 DEBUG [37228:37228] Test software had over result 3. Configless is 1 [/workspaces/dcgm-rel_dcgm_3_3-postmerge/nvvs/src/TestFramework.cpp:812] [TestFramework::goList]
2025-02-11 03:39:43.781 DEBUG [37228:37228] Set global parameter do_test -> page_retirement. st 0 [/workspaces/dcgm-rel_dcgm_3_3-postmerge/nvvs/src/TestParameters.cpp:284] [TestParameters::SetString]
2025-02-11 03:39:43.782 WARN  [37228:37228] [[software]] gpuId 0 returned status 0, value 9223372036854775794for DCGM_FI_DEV_RETIRED_PENDING. Skipping this check. [/workspaces/dcgm-rel_dcgm_3_3-postmerge/nvvs/plugin_src/software/Software.cpp:594] [Software::checkPageRetirement]
2025-02-11 03:39:43.782 WARN  [37228:37228] [[software]] gpuId 0 returned status 0, value 9223372036854775794for DCGM_FI_DEV_RETIRED_PENDING. Skipping this check. [/workspaces/dcgm-rel_dcgm_3_3-postmerge/nvvs/plugin_src/software/Software.cpp:594] [Software::checkPageRetirement]
2025-02-11 03:39:43.782 WARN  [37228:37228] [[software]] gpuId 0 returned status 0, value 9223372036854775794for DCGM_FI_DEV_RETIRED_PENDING. Skipping this check. [/workspaces/dcgm-rel_dcgm_3_3-postmerge/nvvs/plugin_src/software/Software.cpp:594] [Software::checkPageRetirement]
2025-02-11 03:39:43.782 WARN  [37228:37228] [[software]] gpuId 0 returned status 0, value 9223372036854775794for DCGM_FI_DEV_RETIRED_PENDING. Skipping this check. [/workspaces/dcgm-rel_dcgm_3_3-postmerge/nvvs/plugin_src/software/Software.cpp:594] [Software::checkPageRetirement]
2025-02-11 03:39:43.782 WARN  [37228:37228] [[software]] gpuId 0 returned status 0, value 9223372036854775794for DCGM_FI_DEV_RETIRED_PENDING. Skipping this check. [/workspaces/dcgm-rel_dcgm_3_3-postmerge/nvvs/plugin_src/software/Software.cpp:594] [Software::checkPageRetirement]
2025-02-11 03:39:43.782 WARN  [37228:37228] [[software]] gpuId 0 returned status 0, value 9223372036854775794for DCGM_FI_DEV_RETIRED_PENDING. Skipping this check. [/workspaces/dcgm-rel_dcgm_3_3-postmerge/nvvs/plugin_src/software/Software.cpp:594] [Software::checkPageRetirement]
2025-02-11 03:39:43.782 WARN  [37228:37228] [[software]] gpuId 0 returned status 0, value 9223372036854775794for DCGM_FI_DEV_RETIRED_PENDING. Skipping this check. [/workspaces/dcgm-rel_dcgm_3_3-postmerge/nvvs/plugin_src/software/Software.cpp:594] [Software::checkPageRetirement]
2025-02-11 03:39:43.782 WARN  [37228:37228] [[software]] gpuId 0 returned status 0, value 9223372036854775794for DCGM_FI_DEV_RETIRED_DBE. Skipping this check. [/workspaces/dcgm-rel_dcgm_3_3-postmerge/nvvs/plugin_src/software/Software.cpp:640] [Software::checkPageRetirement]
2025-02-11 03:39:43.782 WARN  [37228:37228] [[software]] gpuId 0 returned status 0, value 9223372036854775794for DCGM_FI_DEV_RETIRED_DBE. Skipping this check. [/workspaces/dcgm-rel_dcgm_3_3-postmerge/nvvs/plugin_src/software/Software.cpp:640] [Software::checkPageRetirement]
2025-02-11 03:39:43.782 WARN  [37228:37228] [[software]] gpuId 0 returned status 0, value 9223372036854775794for DCGM_FI_DEV_RETIRED_DBE. Skipping this check. [/workspaces/dcgm-rel_dcgm_3_3-postmerge/nvvs/plugin_src/software/Software.cpp:640] [Software::checkPageRetirement]
2025-02-11 03:39:43.782 WARN  [37228:37228] [[software]] gpuId 0 returned status 0, value 9223372036854775794for DCGM_FI_DEV_RETIRED_DBE. Skipping this check. [/workspaces/dcgm-rel_dcgm_3_3-postmerge/nvvs/plugin_src/software/Software.cpp:640] [Software::checkPageRetirement]
2025-02-11 03:39:43.782 WARN  [37228:37228] [[software]] gpuId 0 returned status 0, value 9223372036854775794for DCGM_FI_DEV_RETIRED_DBE. Skipping this check. [/workspaces/dcgm-rel_dcgm_3_3-postmerge/nvvs/plugin_src/software/Software.cpp:640] [Software::checkPageRetirement]
2025-02-11 03:39:43.782 WARN  [37228:37228] [[software]] gpuId 0 returned status 0, value 9223372036854775794for DCGM_FI_DEV_RETIRED_DBE. Skipping this check. [/workspaces/dcgm-rel_dcgm_3_3-postmerge/nvvs/plugin_src/software/Software.cpp:640] [Software::checkPageRetirement]
2025-02-11 03:39:43.782 WARN  [37228:37228] [[software]] gpuId 0 returned status 0, value 9223372036854775794for DCGM_FI_DEV_RETIRED_DBE. Skipping this check. [/workspaces/dcgm-rel_dcgm_3_3-postmerge/nvvs/plugin_src/software/Software.cpp:640] [Software::checkPageRetirement]
2025-02-11 03:39:43.782 WARN  [37228:37228] [[software]] gpuId 0 returned status 0, value 9223372036854775794for DCGM_FI_DEV_RETIRED_SBE. Skipping this check. [/workspaces/dcgm-rel_dcgm_3_3-postmerge/nvvs/plugin_src/software/Software.cpp:661] [Software::checkPageRetirement]
2025-02-11 03:39:43.782 WARN  [37228:37228] [[software]] gpuId 0 returned status 0, value 9223372036854775794for DCGM_FI_DEV_RETIRED_SBE. Skipping this check. [/workspaces/dcgm-rel_dcgm_3_3-postmerge/nvvs/plugin_src/software/Software.cpp:661] [Software::checkPageRetirement]
2025-02-11 03:39:43.782 WARN  [37228:37228] [[software]] gpuId 0 returned status 0, value 9223372036854775794for DCGM_FI_DEV_RETIRED_SBE. Skipping this check. [/workspaces/dcgm-rel_dcgm_3_3-postmerge/nvvs/plugin_src/software/Software.cpp:661] [Software::checkPageRetirement]
2025-02-11 03:39:43.782 WARN  [37228:37228] [[software]] gpuId 0 returned status 0, value 9223372036854775794for DCGM_FI_DEV_RETIRED_SBE. Skipping this check. [/workspaces/dcgm-rel_dcgm_3_3-postmerge/nvvs/plugin_src/software/Software.cpp:661] [Software::checkPageRetirement]
2025-02-11 03:39:43.782 WARN  [37228:37228] [[software]] gpuId 0 returned status 0, value 9223372036854775794for DCGM_FI_DEV_RETIRED_SBE. Skipping this check. [/workspaces/dcgm-rel_dcgm_3_3-postmerge/nvvs/plugin_src/software/Software.cpp:661] [Software::checkPageRetirement]
2025-02-11 03:39:43.782 WARN  [37228:37228] [[software]] gpuId 0 returned status 0, value 9223372036854775794for DCGM_FI_DEV_RETIRED_SBE. Skipping this check. [/workspaces/dcgm-rel_dcgm_3_3-postmerge/nvvs/plugin_src/software/Software.cpp:661] [Software::checkPageRetirement]
2025-02-11 03:39:43.782 WARN  [37228:37228] [[software]] gpuId 0 returned status 0, value 9223372036854775794for DCGM_FI_DEV_RETIRED_SBE. Skipping this check. [/workspaces/dcgm-rel_dcgm_3_3-postmerge/nvvs/plugin_src/software/Software.cpp:661] [Software::checkPageRetirement]
2025-02-11 03:39:43.782 WARN  [37228:37228] [[software]] gpuId 1 returned status 0, value 9223372036854775794for DCGM_FI_DEV_RETIRED_PENDING. Skipping this check. [/workspaces/dcgm-rel_dcgm_3_3-postmerge/nvvs/plugin_src/software/Software.cpp:594] [Software::checkPageRetirement]
2025-02-11 03:39:43.782 WARN  [37228:37228] [[software]] gpuId 1 returned status 0, value 9223372036854775794for DCGM_FI_DEV_RETIRED_PENDING. Skipping this check. [/workspaces/dcgm-rel_dcgm_3_3-postmerge/nvvs/plugin_src/software/Software.cpp:594] [Software::checkPageRetirement]
2025-02-11 03:39:43.782 WARN  [37228:37228] [[software]] gpuId 1 returned status 0, value 9223372036854775794for DCGM_FI_DEV_RETIRED_PENDING. Skipping this check. [/workspaces/dcgm-rel_dcgm_3_3-postmerge/nvvs/plugin_src/software/Software.cpp:594] [Software::checkPageRetirement]
2025-02-11 03:39:43.782 WARN  [37228:37228] [[software]] gpuId 1 returned status 0, value 9223372036854775794for DCGM_FI_DEV_RETIRED_PENDING. Skipping this check. [/workspaces/dcgm-rel_dcgm_3_3-postmerge/nvvs/plugin_src/software/Software.cpp:594] [Software::checkPageRetirement]
2025-02-11 03:39:43.782 WARN  [37228:37228] [[software]] gpuId 1 returned status 0, value 9223372036854775794for DCGM_FI_DEV_RETIRED_PENDING. Skipping this check. [/workspaces/dcgm-rel_dcgm_3_3-postmerge/nvvs/plugin_src/software/Software.cpp:594] [Software::checkPageRetirement]
2025-02-11 03:39:43.782 WARN  [37228:37228] [[software]] gpuId 1 returned status 0, value 9223372036854775794for DCGM_FI_DEV_RETIRED_PENDING. Skipping this check. [/workspaces/dcgm-rel_dcgm_3_3-postmerge/nvvs/plugin_src/software/Software.cpp:594] [Software::checkPageRetirement]
2025-02-11 03:39:43.782 WARN  [37228:37228] [[software]] gpuId 1 returned status 0, value 9223372036854775794for DCGM_FI_DEV_RETIRED_PENDING. Skipping this check. [/workspaces/dcgm-rel_dcgm_3_3-postmerge/nvvs/plugin_src/software/Software.cpp:594] [Software::checkPageRetirement]
2025-02-11 03:39:43.782 WARN  [37228:37228] [[software]] gpuId 1 returned status 0, value 9223372036854775794for DCGM_FI_DEV_RETIRED_DBE. Skipping this check. [/workspaces/dcgm-rel_dcgm_3_3-postmerge/nvvs/plugin_src/software/Software.cpp:640] [Software::checkPageRetirement]
2025-02-11 03:39:43.782 WARN  [37228:37228] [[software]] gpuId 1 returned status 0, value 9223372036854775794for DCGM_FI_DEV_RETIRED_DBE. Skipping this check. [/workspaces/dcgm-rel_dcgm_3_3-postmerge/nvvs/plugin_src/software/Software.cpp:640] [Software::checkPageRetirement]
2025-02-11 03:39:43.782 WARN  [37228:37228] [[software]] gpuId 1 returned status 0, value 9223372036854775794for DCGM_FI_DEV_RETIRED_DBE. Skipping this check. [/workspaces/dcgm-rel_dcgm_3_3-postmerge/nvvs/plugin_src/software/Software.cpp:640] [Software::checkPageRetirement]
2025-02-11 03:39:43.782 WARN  [37228:37228] [[software]] gpuId 1 returned status 0, value 9223372036854775794for DCGM_FI_DEV_RETIRED_DBE. Skipping this check. [/workspaces/dcgm-rel_dcgm_3_3-postmerge/nvvs/plugin_src/software/Software.cpp:640] [Software::checkPageRetirement]
2025-02-11 03:39:43.782 WARN  [37228:37228] [[software]] gpuId 1 returned status 0, value 9223372036854775794for DCGM_FI_DEV_RETIRED_DBE. Skipping this check. [/workspaces/dcgm-rel_dcgm_3_3-postmerge/nvvs/plugin_src/software/Software.cpp:640] [Software::checkPageRetirement]
2025-02-11 03:39:43.782 WARN  [37228:37228] [[software]] gpuId 1 returned status 0, value 9223372036854775794for DCGM_FI_DEV_RETIRED_DBE. Skipping this check. [/workspaces/dcgm-rel_dcgm_3_3-postmerge/nvvs/plugin_src/software/Software.cpp:640] [Software::checkPageRetirement]
2025-02-11 03:39:43.782 WARN  [37228:37228] [[software]] gpuId 1 returned status 0, value 9223372036854775794for DCGM_FI_DEV_RETIRED_DBE. Skipping this check. [/workspaces/dcgm-rel_dcgm_3_3-postmerge/nvvs/plugin_src/software/Software.cpp:640] [Software::checkPageRetirement]
2025-02-11 03:39:43.782 WARN  [37228:37228] [[software]] gpuId 1 returned status 0, value 9223372036854775794for DCGM_FI_DEV_RETIRED_SBE. Skipping this check. [/workspaces/dcgm-rel_dcgm_3_3-postmerge/nvvs/plugin_src/software/Software.cpp:661] [Software::checkPageRetirement]
2025-02-11 03:39:43.782 WARN  [37228:37228] [[software]] gpuId 1 returned status 0, value 9223372036854775794for DCGM_FI_DEV_RETIRED_SBE. Skipping this check. [/workspaces/dcgm-rel_dcgm_3_3-postmerge/nvvs/plugin_src/software/Software.cpp:661] [Software::checkPageRetirement]
2025-02-11 03:39:43.782 WARN  [37228:37228] [[software]] gpuId 1 returned status 0, value 9223372036854775794for DCGM_FI_DEV_RETIRED_SBE. Skipping this check. [/workspaces/dcgm-rel_dcgm_3_3-postmerge/nvvs/plugin_src/software/Software.cpp:661] [Software::checkPageRetirement]
2025-02-11 03:39:43.782 WARN  [37228:37228] [[software]] gpuId 1 returned status 0, value 9223372036854775794for DCGM_FI_DEV_RETIRED_SBE. Skipping this check. [/workspaces/dcgm-rel_dcgm_3_3-postmerge/nvvs/plugin_src/software/Software.cpp:661] [Software::checkPageRetirement]
2025-02-11 03:39:43.782 WARN  [37228:37228] [[software]] gpuId 1 returned status 0, value 9223372036854775794for DCGM_FI_DEV_RETIRED_SBE. Skipping this check. [/workspaces/dcgm-rel_dcgm_3_3-postmerge/nvvs/plugin_src/software/Software.cpp:661] [Software::checkPageRetirement]
2025-02-11 03:39:43.782 WARN  [37228:37228] [[software]] gpuId 1 returned status 0, value 9223372036854775794for DCGM_FI_DEV_RETIRED_SBE. Skipping this check. [/workspaces/dcgm-rel_dcgm_3_3-postmerge/nvvs/plugin_src/software/Software.cpp:661] [Software::checkPageRetirement]
2025-02-11 03:39:43.782 WARN  [37228:37228] [[software]] gpuId 1 returned status 0, value 9223372036854775794for DCGM_FI_DEV_RETIRED_SBE. Skipping this check. [/workspaces/dcgm-rel_dcgm_3_3-postmerge/nvvs/plugin_src/software/Software.cpp:661] [Software::checkPageRetirement]
2025-02-11 03:39:43.782 WARN  [37228:37228] [[software]] gpuId 2 returned status 0, value 9223372036854775794for DCGM_FI_DEV_RETIRED_PENDING. Skipping this check. [/workspaces/dcgm-rel_dcgm_3_3-postmerge/nvvs/plugin_src/software/Software.cpp:594] [Software::checkPageRetirement]
2025-02-11 03:39:43.782 WARN  [37228:37228] [[software]] gpuId 2 returned status 0, value 9223372036854775794for DCGM_FI_DEV_RETIRED_PENDING. Skipping this check. [/workspaces/dcgm-rel_dcgm_3_3-postmerge/nvvs/plugin_src/software/Software.cpp:594] [Software::checkPageRetirement]
2025-02-11 03:39:43.782 WARN  [37228:37228] [[software]] gpuId 2 returned status 0, value 9223372036854775794for DCGM_FI_DEV_RETIRED_PENDING. Skipping this check. [/workspaces/dcgm-rel_dcgm_3_3-postmerge/nvvs/plugin_src/software/Software.cpp:594] [Software::checkPageRetirement]
2025-02-11 03:39:43.782 WARN  [37228:37228] [[software]] gpuId 2 returned status 0, value 9223372036854775794for DCGM_FI_DEV_RETIRED_PENDING. Skipping this check. [/workspaces/dcgm-rel_dcgm_3_3-postmerge/nvvs/plugin_src/software/Software.cpp:594] [Software::checkPageRetirement]
2025-02-11 03:39:43.782 WARN  [37228:37228] [[software]] gpuId 2 returned status 0, value 9223372036854775794for DCGM_FI_DEV_RETIRED_PENDING. Skipping this check. [/workspaces/dcgm-rel_dcgm_3_3-postmerge/nvvs/plugin_src/software/Software.cpp:594] [Software::checkPageRetirement]
2025-02-11 03:39:43.782 WARN  [37228:37228] [[software]] gpuId 2 returned status 0, value 9223372036854775794for DCGM_FI_DEV_RETIRED_PENDING. Skipping this check. [/workspaces/dcgm-rel_dcgm_3_3-postmerge/nvvs/plugin_src/software/Software.cpp:594] [Software::checkPageRetirement]
2025-02-11 03:39:43.782 WARN  [37228:37228] [[software]] gpuId 2 returned status 0, value 9223372036854775794for DCGM_FI_DEV_RETIRED_PENDING. Skipping this check. [/workspaces/dcgm-rel_dcgm_3_3-postmerge/nvvs/plugin_src/software/Software.cpp:594] [Software::checkPageRetirement]
2025-02-11 03:39:43.782 WARN  [37228:37228] [[software]] gpuId 2 returned status 0, value 9223372036854775794for DCGM_FI_DEV_RETIRED_DBE. Skipping this check. [/workspaces/dcgm-rel_dcgm_3_3-postmerge/nvvs/plugin_src/software/Software.cpp:640] [Software::checkPageRetirement]
2025-02-11 03:39:43.782 WARN  [37228:37228] [[software]] gpuId 2 returned status 0, value 9223372036854775794for DCGM_FI_DEV_RETIRED_DBE. Skipping this check. [/workspaces/dcgm-rel_dcgm_3_3-postmerge/nvvs/plugin_src/software/Software.cpp:640] [Software::checkPageRetirement]
2025-02-11 03:39:43.782 WARN  [37228:37228] [[software]] gpuId 2 returned status 0, value 9223372036854775794for DCGM_FI_DEV_RETIRED_DBE. Skipping this check. [/workspaces/dcgm-rel_dcgm_3_3-postmerge/nvvs/plugin_src/software/Software.cpp:640] [Software::checkPageRetirement]
2025-02-11 03:39:43.782 WARN  [37228:37228] [[software]] gpuId 2 returned status 0, value 9223372036854775794for DCGM_FI_DEV_RETIRED_DBE. Skipping this check. [/workspaces/dcgm-rel_dcgm_3_3-postmerge/nvvs/plugin_src/software/Software.cpp:640] [Software::checkPageRetirement]
2025-02-11 03:39:43.782 WARN  [37228:37228] [[software]] gpuId 2 returned status 0, value 9223372036854775794for DCGM_FI_DEV_RETIRED_DBE. Skipping this check. [/workspaces/dcgm-rel_dcgm_3_3-postmerge/nvvs/plugin_src/software/Software.cpp:640] [Software::checkPageRetirement]
2025-02-11 03:39:43.782 WARN  [37228:37228] [[software]] gpuId 2 returned status 0, value 9223372036854775794for DCGM_FI_DEV_RETIRED_DBE. Skipping this check. [/workspaces/dcgm-rel_dcgm_3_3-postmerge/nvvs/plugin_src/software/Software.cpp:640] [Software::checkPageRetirement]
2025-02-11 03:39:43.782 WARN  [37228:37228] [[software]] gpuId 2 returned status 0, value 9223372036854775794for DCGM_FI_DEV_RETIRED_DBE. Skipping this check. [/workspaces/dcgm-rel_dcgm_3_3-postmerge/nvvs/plugin_src/software/Software.cpp:640] [Software::checkPageRetirement]
2025-02-11 03:39:43.782 WARN  [37228:37228] [[software]] gpuId 2 returned status 0, value 9223372036854775794for DCGM_FI_DEV_RETIRED_SBE. Skipping this check. [/workspaces/dcgm-rel_dcgm_3_3-postmerge/nvvs/plugin_src/software/Software.cpp:661] [Software::checkPageRetirement]
2025-02-11 03:39:43.782 WARN  [37228:37228] [[software]] gpuId 2 returned status 0, value 9223372036854775794for DCGM_FI_DEV_RETIRED_SBE. Skipping this check. [/workspaces/dcgm-rel_dcgm_3_3-postmerge/nvvs/plugin_src/software/Software.cpp:661] [Software::checkPageRetirement]
2025-02-11 03:39:43.782 WARN  [37228:37228] [[software]] gpuId 2 returned status 0, value 9223372036854775794for DCGM_FI_DEV_RETIRED_SBE. Skipping this check. [/workspaces/dcgm-rel_dcgm_3_3-postmerge/nvvs/plugin_src/software/Software.cpp:661] [Software::checkPageRetirement]
2025-02-11 03:39:43.782 WARN  [37228:37228] [[software]] gpuId 2 returned status 0, value 9223372036854775794for DCGM_FI_DEV_RETIRED_SBE. Skipping this check. [/workspaces/dcgm-rel_dcgm_3_3-postmerge/nvvs/plugin_src/software/Software.cpp:661] [Software::checkPageRetirement]
2025-02-11 03:39:43.782 WARN  [37228:37228] [[software]] gpuId 2 returned status 0, value 9223372036854775794for DCGM_FI_DEV_RETIRED_SBE. Skipping this check. [/workspaces/dcgm-rel_dcgm_3_3-postmerge/nvvs/plugin_src/software/Software.cpp:661] [Software::checkPageRetirement]
2025-02-11 03:39:43.782 WARN  [37228:37228] [[software]] gpuId 2 returned status 0, value 9223372036854775794for DCGM_FI_DEV_RETIRED_SBE. Skipping this check. [/workspaces/dcgm-rel_dcgm_3_3-postmerge/nvvs/plugin_src/software/Software.cpp:661] [Software::checkPageRetirement]
2025-02-11 03:39:43.782 WARN  [37228:37228] [[software]] gpuId 2 returned status 0, value 9223372036854775794for DCGM_FI_DEV_RETIRED_SBE. Skipping this check. [/workspaces/dcgm-rel_dcgm_3_3-postmerge/nvvs/plugin_src/software/Software.cpp:661] [Software::checkPageRetirement]
2025-02-11 03:39:43.783 INFO  [37228:37228] [[software]] gpuId 0 returned status 0, value 9223372036854775794for DCGM_FI_DEV_ROW_REMAP_FAILURE. Skipping this check. [/workspaces/dcgm-rel_dcgm_3_3-postmerge/nvvs/plugin_src/software/Software.cpp:720] [Software::checkRowRemapping]
2025-02-11 03:39:43.783 INFO  [37228:37228] [[software]] gpuId 0 returned status 0, value 9223372036854775794for DCGM_FI_DEV_ROW_REMAP_FAILURE. Skipping this check. [/workspaces/dcgm-rel_dcgm_3_3-postmerge/nvvs/plugin_src/software/Software.cpp:720] [Software::checkRowRemapping]
2025-02-11 03:39:43.783 INFO  [37228:37228] [[software]] gpuId 0 returned status 0, value 9223372036854775794for DCGM_FI_DEV_ROW_REMAP_FAILURE. Skipping this check. [/workspaces/dcgm-rel_dcgm_3_3-postmerge/nvvs/plugin_src/software/Software.cpp:720] [Software::checkRowRemapping]
2025-02-11 03:39:43.783 INFO  [37228:37228] [[software]] gpuId 0 returned status 0, value 9223372036854775794for DCGM_FI_DEV_ROW_REMAP_FAILURE. Skipping this check. [/workspaces/dcgm-rel_dcgm_3_3-postmerge/nvvs/plugin_src/software/Software.cpp:720] [Software::checkRowRemapping]
2025-02-11 03:39:43.783 INFO  [37228:37228] [[software]] gpuId 0 returned status 0, value 9223372036854775794for DCGM_FI_DEV_ROW_REMAP_FAILURE. Skipping this check. [/workspaces/dcgm-rel_dcgm_3_3-postmerge/nvvs/plugin_src/software/Software.cpp:720] [Software::checkRowRemapping]
2025-02-11 03:39:43.783 INFO  [37228:37228] [[software]] gpuId 0 returned status 0, value 9223372036854775794for DCGM_FI_DEV_ROW_REMAP_FAILURE. Skipping this check. [/workspaces/dcgm-rel_dcgm_3_3-postmerge/nvvs/plugin_src/software/Software.cpp:720] [Software::checkRowRemapping]
2025-02-11 03:39:43.783 INFO  [37228:37228] [[software]] gpuId 0 returned status 0, value 9223372036854775794for DCGM_FI_DEV_ROW_REMAP_FAILURE. Skipping this check. [/workspaces/dcgm-rel_dcgm_3_3-postmerge/nvvs/plugin_src/software/Software.cpp:720] [Software::checkRowRemapping]
2025-02-11 03:39:43.783 INFO  [37228:37228] [[software]] gpuId 0 returned status 0, value 9223372036854775794for DCGM_FI_DEV_ROW_REMAP_PENDING. Skipping this check. [/workspaces/dcgm-rel_dcgm_3_3-postmerge/nvvs/plugin_src/software/Software.cpp:753] [Software::checkRowRemapping]
2025-02-11 03:39:43.783 INFO  [37228:37228] [[software]] gpuId 0 returned status 0, value 9223372036854775794for DCGM_FI_DEV_ROW_REMAP_PENDING. Skipping this check. [/workspaces/dcgm-rel_dcgm_3_3-postmerge/nvvs/plugin_src/software/Software.cpp:753] [Software::checkRowRemapping]
2025-02-11 03:39:43.783 INFO  [37228:37228] [[software]] gpuId 0 returned status 0, value 9223372036854775794for DCGM_FI_DEV_ROW_REMAP_PENDING. Skipping this check. [/workspaces/dcgm-rel_dcgm_3_3-postmerge/nvvs/plugin_src/software/Software.cpp:753] [Software::checkRowRemapping]
2025-02-11 03:39:43.783 INFO  [37228:37228] [[software]] gpuId 0 returned status 0, value 9223372036854775794for DCGM_FI_DEV_ROW_REMAP_PENDING. Skipping this check. [/workspaces/dcgm-rel_dcgm_3_3-postmerge/nvvs/plugin_src/software/Software.cpp:753] [Software::checkRowRemapping]
2025-02-11 03:39:43.783 INFO  [37228:37228] [[software]] gpuId 0 returned status 0, value 9223372036854775794for DCGM_FI_DEV_ROW_REMAP_PENDING. Skipping this check. [/workspaces/dcgm-rel_dcgm_3_3-postmerge/nvvs/plugin_src/software/Software.cpp:753] [Software::checkRowRemapping]
2025-02-11 03:39:43.783 INFO  [37228:37228] [[software]] gpuId 0 returned status 0, value 9223372036854775794for DCGM_FI_DEV_ROW_REMAP_PENDING. Skipping this check. [/workspaces/dcgm-rel_dcgm_3_3-postmerge/nvvs/plugin_src/software/Software.cpp:753] [Software::checkRowRemapping]
2025-02-11 03:39:43.783 INFO  [37228:37228] [[software]] gpuId 0 returned status 0, value 9223372036854775794for DCGM_FI_DEV_ROW_REMAP_PENDING. Skipping this check. [/workspaces/dcgm-rel_dcgm_3_3-postmerge/nvvs/plugin_src/software/Software.cpp:753] [Software::checkRowRemapping]
2025-02-11 03:39:43.783 INFO  [37228:37228] [[software]] gpuId 1 returned status 0, value 9223372036854775794for DCGM_FI_DEV_ROW_REMAP_FAILURE. Skipping this check. [/workspaces/dcgm-rel_dcgm_3_3-postmerge/nvvs/plugin_src/software/Software.cpp:720] [Software::checkRowRemapping]
2025-02-11 03:39:43.783 INFO  [37228:37228] [[software]] gpuId 1 returned status 0, value 9223372036854775794for DCGM_FI_DEV_ROW_REMAP_FAILURE. Skipping this check. [/workspaces/dcgm-rel_dcgm_3_3-postmerge/nvvs/plugin_src/software/Software.cpp:720] [Software::checkRowRemapping]
2025-02-11 03:39:43.783 INFO  [37228:37228] [[software]] gpuId 1 returned status 0, value 9223372036854775794for DCGM_FI_DEV_ROW_REMAP_FAILURE. Skipping this check. [/workspaces/dcgm-rel_dcgm_3_3-postmerge/nvvs/plugin_src/software/Software.cpp:720] [Software::checkRowRemapping]
2025-02-11 03:39:43.783 INFO  [37228:37228] [[software]] gpuId 1 returned status 0, value 9223372036854775794for DCGM_FI_DEV_ROW_REMAP_FAILURE. Skipping this check. [/workspaces/dcgm-rel_dcgm_3_3-postmerge/nvvs/plugin_src/software/Software.cpp:720] [Software::checkRowRemapping]
2025-02-11 03:39:43.783 INFO  [37228:37228] [[software]] gpuId 1 returned status 0, value 9223372036854775794for DCGM_FI_DEV_ROW_REMAP_FAILURE. Skipping this check. [/workspaces/dcgm-rel_dcgm_3_3-postmerge/nvvs/plugin_src/software/Software.cpp:720] [Software::checkRowRemapping]
2025-02-11 03:39:43.783 INFO  [37228:37228] [[software]] gpuId 1 returned status 0, value 9223372036854775794for DCGM_FI_DEV_ROW_REMAP_FAILURE. Skipping this check. [/workspaces/dcgm-rel_dcgm_3_3-postmerge/nvvs/plugin_src/software/Software.cpp:720] [Software::checkRowRemapping]
2025-02-11 03:39:43.783 INFO  [37228:37228] [[software]] gpuId 1 returned status 0, value 9223372036854775794for DCGM_FI_DEV_ROW_REMAP_FAILURE. Skipping this check. [/workspaces/dcgm-rel_dcgm_3_3-postmerge/nvvs/plugin_src/software/Software.cpp:720] [Software::checkRowRemapping]
2025-02-11 03:39:43.783 INFO  [37228:37228] [[software]] gpuId 1 returned status 0, value 9223372036854775794for DCGM_FI_DEV_ROW_REMAP_PENDING. Skipping this check. [/workspaces/dcgm-rel_dcgm_3_3-postmerge/nvvs/plugin_src/software/Software.cpp:753] [Software::checkRowRemapping]
2025-02-11 03:39:43.783 INFO  [37228:37228] [[software]] gpuId 1 returned status 0, value 9223372036854775794for DCGM_FI_DEV_ROW_REMAP_PENDING. Skipping this check. [/workspaces/dcgm-rel_dcgm_3_3-postmerge/nvvs/plugin_src/software/Software.cpp:753] [Software::checkRowRemapping]
2025-02-11 03:39:43.783 INFO  [37228:37228] [[software]] gpuId 1 returned status 0, value 9223372036854775794for DCGM_FI_DEV_ROW_REMAP_PENDING. Skipping this check. [/workspaces/dcgm-rel_dcgm_3_3-postmerge/nvvs/plugin_src/software/Software.cpp:753] [Software::checkRowRemapping]
2025-02-11 03:39:43.783 INFO  [37228:37228] [[software]] gpuId 1 returned status 0, value 9223372036854775794for DCGM_FI_DEV_ROW_REMAP_PENDING. Skipping this check. [/workspaces/dcgm-rel_dcgm_3_3-postmerge/nvvs/plugin_src/software/Software.cpp:753] [Software::checkRowRemapping]
2025-02-11 03:39:43.783 INFO  [37228:37228] [[software]] gpuId 1 returned status 0, value 9223372036854775794for DCGM_FI_DEV_ROW_REMAP_PENDING. Skipping this check. [/workspaces/dcgm-rel_dcgm_3_3-postmerge/nvvs/plugin_src/software/Software.cpp:753] [Software::checkRowRemapping]
2025-02-11 03:39:43.783 INFO  [37228:37228] [[software]] gpuId 1 returned status 0, value 9223372036854775794for DCGM_FI_DEV_ROW_REMAP_PENDING. Skipping this check. [/workspaces/dcgm-rel_dcgm_3_3-postmerge/nvvs/plugin_src/software/Software.cpp:753] [Software::checkRowRemapping]
2025-02-11 03:39:43.783 INFO  [37228:37228] [[software]] gpuId 1 returned status 0, value 9223372036854775794for DCGM_FI_DEV_ROW_REMAP_PENDING. Skipping this check. [/workspaces/dcgm-rel_dcgm_3_3-postmerge/nvvs/plugin_src/software/Software.cpp:753] [Software::checkRowRemapping]
2025-02-11 03:39:43.783 INFO  [37228:37228] [[software]] gpuId 2 returned status 0, value 9223372036854775794for DCGM_FI_DEV_ROW_REMAP_FAILURE. Skipping this check. [/workspaces/dcgm-rel_dcgm_3_3-postmerge/nvvs/plugin_src/software/Software.cpp:720] [Software::checkRowRemapping]
2025-02-11 03:39:43.783 INFO  [37228:37228] [[software]] gpuId 2 returned status 0, value 9223372036854775794for DCGM_FI_DEV_ROW_REMAP_FAILURE. Skipping this check. [/workspaces/dcgm-rel_dcgm_3_3-postmerge/nvvs/plugin_src/software/Software.cpp:720] [Software::checkRowRemapping]
2025-02-11 03:39:43.783 INFO  [37228:37228] [[software]] gpuId 2 returned status 0, value 9223372036854775794for DCGM_FI_DEV_ROW_REMAP_FAILURE. Skipping this check. [/workspaces/dcgm-rel_dcgm_3_3-postmerge/nvvs/plugin_src/software/Software.cpp:720] [Software::checkRowRemapping]
2025-02-11 03:39:43.783 INFO  [37228:37228] [[software]] gpuId 2 returned status 0, value 9223372036854775794for DCGM_FI_DEV_ROW_REMAP_FAILURE. Skipping this check. [/workspaces/dcgm-rel_dcgm_3_3-postmerge/nvvs/plugin_src/software/Software.cpp:720] [Software::checkRowRemapping]
2025-02-11 03:39:43.783 INFO  [37228:37228] [[software]] gpuId 2 returned status 0, value 9223372036854775794for DCGM_FI_DEV_ROW_REMAP_FAILURE. Skipping this check. [/workspaces/dcgm-rel_dcgm_3_3-postmerge/nvvs/plugin_src/software/Software.cpp:720] [Software::checkRowRemapping]
2025-02-11 03:39:43.783 INFO  [37228:37228] [[software]] gpuId 2 returned status 0, value 9223372036854775794for DCGM_FI_DEV_ROW_REMAP_FAILURE. Skipping this check. [/workspaces/dcgm-rel_dcgm_3_3-postmerge/nvvs/plugin_src/software/Software.cpp:720] [Software::checkRowRemapping]
2025-02-11 03:39:43.783 INFO  [37228:37228] [[software]] gpuId 2 returned status 0, value 9223372036854775794for DCGM_FI_DEV_ROW_REMAP_FAILURE. Skipping this check. [/workspaces/dcgm-rel_dcgm_3_3-postmerge/nvvs/plugin_src/software/Software.cpp:720] [Software::checkRowRemapping]
2025-02-11 03:39:43.783 INFO  [37228:37228] [[software]] gpuId 2 returned status 0, value 9223372036854775794for DCGM_FI_DEV_ROW_REMAP_PENDING. Skipping this check. [/workspaces/dcgm-rel_dcgm_3_3-postmerge/nvvs/plugin_src/software/Software.cpp:753] [Software::checkRowRemapping]
2025-02-11 03:39:43.783 INFO  [37228:37228] [[software]] gpuId 2 returned status 0, value 9223372036854775794for DCGM_FI_DEV_ROW_REMAP_PENDING. Skipping this check. [/workspaces/dcgm-rel_dcgm_3_3-postmerge/nvvs/plugin_src/software/Software.cpp:753] [Software::checkRowRemapping]
2025-02-11 03:39:43.783 INFO  [37228:37228] [[software]] gpuId 2 returned status 0, value 9223372036854775794for DCGM_FI_DEV_ROW_REMAP_PENDING. Skipping this check. [/workspaces/dcgm-rel_dcgm_3_3-postmerge/nvvs/plugin_src/software/Software.cpp:753] [Software::checkRowRemapping]
2025-02-11 03:39:43.783 INFO  [37228:37228] [[software]] gpuId 2 returned status 0, value 9223372036854775794for DCGM_FI_DEV_ROW_REMAP_PENDING. Skipping this check. [/workspaces/dcgm-rel_dcgm_3_3-postmerge/nvvs/plugin_src/software/Software.cpp:753] [Software::checkRowRemapping]
2025-02-11 03:39:43.783 INFO  [37228:37228] [[software]] gpuId 2 returned status 0, value 9223372036854775794for DCGM_FI_DEV_ROW_REMAP_PENDING. Skipping this check. [/workspaces/dcgm-rel_dcgm_3_3-postmerge/nvvs/plugin_src/software/Software.cpp:753] [Software::checkRowRemapping]
2025-02-11 03:39:43.783 INFO  [37228:37228] [[software]] gpuId 2 returned status 0, value 9223372036854775794for DCGM_FI_DEV_ROW_REMAP_PENDING. Skipping this check. [/workspaces/dcgm-rel_dcgm_3_3-postmerge/nvvs/plugin_src/software/Software.cpp:753] [Software::checkRowRemapping]
2025-02-11 03:39:43.783 INFO  [37228:37228] [[software]] gpuId 2 returned status 0, value 9223372036854775794for DCGM_FI_DEV_ROW_REMAP_PENDING. Skipping this check. [/workspaces/dcgm-rel_dcgm_3_3-postmerge/nvvs/plugin_src/software/Software.cpp:753] [Software::checkRowRemapping]
2025-02-11 03:39:43.790 WARN  [37228:37228] Plugin returned unknown type of aux data. Expected JSON_VALUE_AUX_DATA_TYPE (1), got 0 [/workspaces/dcgm-rel_dcgm_3_3-postmerge/nvvs/src/PluginTest.cpp:147] [PluginTest::SetResults]
2025-02-11 03:39:43.790 DEBUG [37228:37228] Test software had over result 3. Configless is 1 [/workspaces/dcgm-rel_dcgm_3_3-postmerge/nvvs/src/TestFramework.cpp:812] [TestFramework::goList]
2025-02-11 03:39:43.790 DEBUG [37228:37228] Set global parameter do_test -> graphics_processes. st 0 [/workspaces/dcgm-rel_dcgm_3_3-postmerge/nvvs/src/TestParameters.cpp:284] [TestParameters::SetString]
2025-02-11 03:39:43.790 WARN  [37228:37228] [[software]] Error getting the graphics pids for GPU 0. Status = -32 skipping check. [/workspaces/dcgm-rel_dcgm_3_3-postmerge/nvvs/plugin_src/software/Software.cpp:509] [Software::checkForGraphicsProcesses]
2025-02-11 03:39:43.790 WARN  [37228:37228] [[software]] Error getting the graphics pids for GPU 0. Status = -32 skipping check. [/workspaces/dcgm-rel_dcgm_3_3-postmerge/nvvs/plugin_src/software/Software.cpp:509] [Software::checkForGraphicsProcesses]
2025-02-11 03:39:43.790 WARN  [37228:37228] [[software]] Error getting the graphics pids for GPU 0. Status = -32 skipping check. [/workspaces/dcgm-rel_dcgm_3_3-postmerge/nvvs/plugin_src/software/Software.cpp:509] [Software::checkForGraphicsProcesses]
2025-02-11 03:39:43.790 WARN  [37228:37228] [[software]] Error getting the graphics pids for GPU 0. Status = -32 skipping check. [/workspaces/dcgm-rel_dcgm_3_3-postmerge/nvvs/plugin_src/software/Software.cpp:509] [Software::checkForGraphicsProcesses]
2025-02-11 03:39:43.790 WARN  [37228:37228] [[software]] Error getting the graphics pids for GPU 0. Status = -32 skipping check. [/workspaces/dcgm-rel_dcgm_3_3-postmerge/nvvs/plugin_src/software/Software.cpp:509] [Software::checkForGraphicsProcesses]
2025-02-11 03:39:43.790 WARN  [37228:37228] [[software]] Error getting the graphics pids for GPU 0. Status = -32 skipping check. [/workspaces/dcgm-rel_dcgm_3_3-postmerge/nvvs/plugin_src/software/Software.cpp:509] [Software::checkForGraphicsProcesses]
2025-02-11 03:39:43.790 WARN  [37228:37228] [[software]] Error getting the graphics pids for GPU 0. Status = -32 skipping check. [/workspaces/dcgm-rel_dcgm_3_3-postmerge/nvvs/plugin_src/software/Software.cpp:509] [Software::checkForGraphicsProcesses]
2025-02-11 03:39:43.790 WARN  [37228:37228] [[software]] Error getting the graphics pids for GPU 0. Status = -32 skipping check. [/workspaces/dcgm-rel_dcgm_3_3-postmerge/nvvs/plugin_src/software/Software.cpp:509] [Software::checkForGraphicsProcesses]
2025-02-11 03:39:43.790 INFO  [37228:37228] plugin software: Error getting the graphics pids for GPU 0. Status = -32 skipping check. [/workspaces/dcgm-rel_dcgm_3_3-postmerge/nvvs/src/Plugin.cpp:106] [Plugin::AddInfo]
2025-02-11 03:39:43.790 WARN  [37228:37228] [[software]] Error getting the graphics pids for GPU 1. Status = -32 skipping check. [/workspaces/dcgm-rel_dcgm_3_3-postmerge/nvvs/plugin_src/software/Software.cpp:509] [Software::checkForGraphicsProcesses]
2025-02-11 03:39:43.790 WARN  [37228:37228] [[software]] Error getting the graphics pids for GPU 1. Status = -32 skipping check. [/workspaces/dcgm-rel_dcgm_3_3-postmerge/nvvs/plugin_src/software/Software.cpp:509] [Software::checkForGraphicsProcesses]
2025-02-11 03:39:43.790 WARN  [37228:37228] [[software]] Error getting the graphics pids for GPU 1. Status = -32 skipping check. [/workspaces/dcgm-rel_dcgm_3_3-postmerge/nvvs/plugin_src/software/Software.cpp:509] [Software::checkForGraphicsProcesses]
2025-02-11 03:39:43.790 WARN  [37228:37228] [[software]] Error getting the graphics pids for GPU 1. Status = -32 skipping check. [/workspaces/dcgm-rel_dcgm_3_3-postmerge/nvvs/plugin_src/software/Software.cpp:509] [Software::checkForGraphicsProcesses]
2025-02-11 03:39:43.790 WARN  [37228:37228] [[software]] Error getting the graphics pids for GPU 1. Status = -32 skipping check. [/workspaces/dcgm-rel_dcgm_3_3-postmerge/nvvs/plugin_src/software/Software.cpp:509] [Software::checkForGraphicsProcesses]
2025-02-11 03:39:43.790 WARN  [37228:37228] [[software]] Error getting the graphics pids for GPU 1. Status = -32 skipping check. [/workspaces/dcgm-rel_dcgm_3_3-postmerge/nvvs/plugin_src/software/Software.cpp:509] [Software::checkForGraphicsProcesses]
2025-02-11 03:39:43.790 WARN  [37228:37228] [[software]] Error getting the graphics pids for GPU 1. Status = -32 skipping check. [/workspaces/dcgm-rel_dcgm_3_3-postmerge/nvvs/plugin_src/software/Software.cpp:509] [Software::checkForGraphicsProcesses]
2025-02-11 03:39:43.790 WARN  [37228:37228] [[software]] Error getting the graphics pids for GPU 1. Status = -32 skipping check. [/workspaces/dcgm-rel_dcgm_3_3-postmerge/nvvs/plugin_src/software/Software.cpp:509] [Software::checkForGraphicsProcesses]
2025-02-11 03:39:43.790 INFO  [37228:37228] plugin software: Error getting the graphics pids for GPU 1. Status = -32 skipping check. [/workspaces/dcgm-rel_dcgm_3_3-postmerge/nvvs/src/Plugin.cpp:106] [Plugin::AddInfo]
2025-02-11 03:39:43.790 WARN  [37228:37228] [[software]] Error getting the graphics pids for GPU 2. Status = -32 skipping check. [/workspaces/dcgm-rel_dcgm_3_3-postmerge/nvvs/plugin_src/software/Software.cpp:509] [Software::checkForGraphicsProcesses]
2025-02-11 03:39:43.790 WARN  [37228:37228] [[software]] Error getting the graphics pids for GPU 2. Status = -32 skipping check. [/workspaces/dcgm-rel_dcgm_3_3-postmerge/nvvs/plugin_src/software/Software.cpp:509] [Software::checkForGraphicsProcesses]
2025-02-11 03:39:43.790 WARN  [37228:37228] [[software]] Error getting the graphics pids for GPU 2. Status = -32 skipping check. [/workspaces/dcgm-rel_dcgm_3_3-postmerge/nvvs/plugin_src/software/Software.cpp:509] [Software::checkForGraphicsProcesses]
2025-02-11 03:39:43.790 WARN  [37228:37228] [[software]] Error getting the graphics pids for GPU 2. Status = -32 skipping check. [/workspaces/dcgm-rel_dcgm_3_3-postmerge/nvvs/plugin_src/software/Software.cpp:509] [Software::checkForGraphicsProcesses]
2025-02-11 03:39:43.790 WARN  [37228:37228] [[software]] Error getting the graphics pids for GPU 2. Status = -32 skipping check. [/workspaces/dcgm-rel_dcgm_3_3-postmerge/nvvs/plugin_src/software/Software.cpp:509] [Software::checkForGraphicsProcesses]
2025-02-11 03:39:43.790 WARN  [37228:37228] [[software]] Error getting the graphics pids for GPU 2. Status = -32 skipping check. [/workspaces/dcgm-rel_dcgm_3_3-postmerge/nvvs/plugin_src/software/Software.cpp:509] [Software::checkForGraphicsProcesses]
2025-02-11 03:39:43.790 WARN  [37228:37228] [[software]] Error getting the graphics pids for GPU 2. Status = -32 skipping check. [/workspaces/dcgm-rel_dcgm_3_3-postmerge/nvvs/plugin_src/software/Software.cpp:509] [Software::checkForGraphicsProcesses]
2025-02-11 03:39:43.790 WARN  [37228:37228] [[software]] Error getting the graphics pids for GPU 2. Status = -32 skipping check. [/workspaces/dcgm-rel_dcgm_3_3-postmerge/nvvs/plugin_src/software/Software.cpp:509] [Software::checkForGraphicsProcesses]
2025-02-11 03:39:43.790 INFO  [37228:37228] plugin software: Error getting the graphics pids for GPU 2. Status = -32 skipping check. [/workspaces/dcgm-rel_dcgm_3_3-postmerge/nvvs/src/Plugin.cpp:106] [Plugin::AddInfo]
2025-02-11 03:39:43.797 WARN  [37228:37228] Plugin returned unknown type of aux data. Expected JSON_VALUE_AUX_DATA_TYPE (1), got 0 [/workspaces/dcgm-rel_dcgm_3_3-postmerge/nvvs/src/PluginTest.cpp:147] [PluginTest::SetResults]
2025-02-11 03:39:43.797 DEBUG [37228:37228] Test software had over result 3. Configless is 1 [/workspaces/dcgm-rel_dcgm_3_3-postmerge/nvvs/src/TestFramework.cpp:812] [TestFramework::goList]
2025-02-11 03:39:43.797 DEBUG [37228:37228] Set global parameter do_test -> inforom. st 0 [/workspaces/dcgm-rel_dcgm_3_3-postmerge/nvvs/src/TestParameters.cpp:284] [TestParameters::SetString]
2025-02-11 03:39:43.869 WARN  [37228:37228] Plugin returned unknown type of aux data. Expected JSON_VALUE_AUX_DATA_TYPE (1), got 0 [/workspaces/dcgm-rel_dcgm_3_3-postmerge/nvvs/src/PluginTest.cpp:147] [PluginTest::SetResults]
2025-02-11 03:39:43.869 DEBUG [37228:37228] Test software had over result 3. Configless is 1 [/workspaces/dcgm-rel_dcgm_3_3-postmerge/nvvs/src/TestFramework.cpp:812] [TestFramework::goList]
